[0.008s] Invoking command in '/home/noman637/ros2-practice/ws/src/build/cpp_pubsub': CMAKE_PREFIX_PATH=/opt/ros/humble /usr/bin/cmake --build /home/noman637/ros2-practice/ws/src/build/cpp_pubsub -- -j1 -l1
[0.046s] -- Found ament_cmake: 1.3.2 (/opt/ros/humble/share/ament_cmake/cmake)
[0.202s] -- Found rclcpp: 16.0.1 (/opt/ros/humble/share/rclcpp/cmake)
[0.234s] -- Found rosidl_generator_c: 3.1.3 (/opt/ros/humble/share/rosidl_generator_c/cmake)
[0.251s] -- Found rosidl_adapter: 3.1.3 (/opt/ros/humble/share/rosidl_adapter/cmake)
[0.259s] -- Found rosidl_generator_cpp: 3.1.3 (/opt/ros/humble/share/rosidl_generator_cpp/cmake)
[0.271s] -- Using all available rosidl_typesupport_c: rosidl_typesupport_fastrtps_c;rosidl_typesupport_introspection_c
[0.288s] -- Using all available rosidl_typesupport_cpp: rosidl_typesupport_fastrtps_cpp;rosidl_typesupport_introspection_cpp
[0.381s] -- Found rmw_implementation_cmake: 6.1.0 (/opt/ros/humble/share/rmw_implementation_cmake/cmake)
[0.382s] -- Found rmw_fastrtps_cpp: 6.2.1 (/opt/ros/humble/share/rmw_fastrtps_cpp/cmake)
[0.517s] -- Using RMW implementation 'rmw_fastrtps_cpp' as default
[0.805s] -- Configuring done
[0.822s] -- Generating done
[0.827s] -- Build files have been written to: /home/noman637/ros2-practice/ws/src/build/cpp_pubsub
[0.864s] [35m[1mConsolidate compiler generated dependencies of target talker[0m
[0.882s] [ 25%] [32m[1mLinking CXX executable talker[0m
[0.991s] /usr/bin/ld: /usr/lib/gcc/x86_64-linux-gnu/11/../../../x86_64-linux-gnu/Scrt1.o: in function `_start':
[0.992s] (.text+0x1b): undefined reference to `main'
[0.996s] collect2: error: ld returned 1 exit status
[1.004s] gmake[2]: *** [CMakeFiles/talker.dir/build.make:159: talker] Error 1
[1.004s] gmake[1]: *** [CMakeFiles/Makefile2:139: CMakeFiles/talker.dir/all] Error 2
[1.004s] gmake: *** [Makefile:146: all] Error 2
[1.006s] Invoked command in '/home/noman637/ros2-practice/ws/src/build/cpp_pubsub' returned '2': CMAKE_PREFIX_PATH=/opt/ros/humble /usr/bin/cmake --build /home/noman637/ros2-practice/ws/src/build/cpp_pubsub -- -j1 -l1
