[0.008s] Invoking command in '/home/noman637/ros2-practice/ws/src/build/cpp_pubsub': CMAKE_PREFIX_PATH=/opt/ros/humble /usr/bin/cmake --build /home/noman637/ros2-practice/ws/src/build/cpp_pubsub -- -j1 -l1
[0.047s] -- Found ament_cmake: 1.3.2 (/opt/ros/humble/share/ament_cmake/cmake)
[0.204s] -- Found rclcpp: 16.0.1 (/opt/ros/humble/share/rclcpp/cmake)
[0.245s] -- Found rosidl_generator_c: 3.1.3 (/opt/ros/humble/share/rosidl_generator_c/cmake)
[0.249s] -- Found rosidl_adapter: 3.1.3 (/opt/ros/humble/share/rosidl_adapter/cmake)
[0.256s] -- Found rosidl_generator_cpp: 3.1.3 (/opt/ros/humble/share/rosidl_generator_cpp/cmake)
[0.268s] -- Using all available rosidl_typesupport_c: rosidl_typesupport_fastrtps_c;rosidl_typesupport_introspection_c
[0.287s] -- Using all available rosidl_typesupport_cpp: rosidl_typesupport_fastrtps_cpp;rosidl_typesupport_introspection_cpp
[0.377s] -- Found rmw_implementation_cmake: 6.1.0 (/opt/ros/humble/share/rmw_implementation_cmake/cmake)
[0.379s] -- Found rmw_fastrtps_cpp: 6.2.1 (/opt/ros/humble/share/rmw_fastrtps_cpp/cmake)
[0.511s] -- Using RMW implementation 'rmw_fastrtps_cpp' as default
[0.810s] -- Configuring done
[0.827s] -- Generating done
[0.832s] -- Build files have been written to: /home/noman637/ros2-practice/ws/src/build/cpp_pubsub
[0.858s] [35m[1mConsolidate compiler generated dependencies of target talker[0m
[0.886s] [ 25%] [32mBuilding CXX object CMakeFiles/talker.dir/src/publisher.cpp.o[0m
[6.965s] [ 50%] [32m[1mLinking CXX executable talker[0m
[7.189s] [ 50%] Built target talker
[7.222s] [ 75%] [32mBuilding CXX object CMakeFiles/listener.dir/src/subscriber.cpp.o[0m
[18.233s] [100%] [32m[1mLinking CXX executable listener[0m
[18.701s] [100%] Built target listener
[18.711s] Invoked command in '/home/noman637/ros2-practice/ws/src/build/cpp_pubsub' returned '0': CMAKE_PREFIX_PATH=/opt/ros/humble /usr/bin/cmake --build /home/noman637/ros2-practice/ws/src/build/cpp_pubsub -- -j1 -l1
[18.767s] Invoking command in '/home/noman637/ros2-practice/ws/src/build/cpp_pubsub': CMAKE_PREFIX_PATH=/opt/ros/humble /usr/bin/cmake --install /home/noman637/ros2-practice/ws/src/build/cpp_pubsub
[18.775s] -- Install configuration: ""
[18.775s] -- Installing: /home/noman637/ros2-practice/ws/src/install/cpp_pubsub/lib/cpp_pubsub/talker
[18.776s] -- Set runtime path of "/home/noman637/ros2-practice/ws/src/install/cpp_pubsub/lib/cpp_pubsub/talker" to ""
[18.777s] -- Installing: /home/noman637/ros2-practice/ws/src/install/cpp_pubsub/lib/cpp_pubsub/listener
[18.780s] -- Set runtime path of "/home/noman637/ros2-practice/ws/src/install/cpp_pubsub/lib/cpp_pubsub/listener" to ""
[18.780s] -- Installing: /home/noman637/ros2-practice/ws/src/install/cpp_pubsub/share/ament_index/resource_index/package_run_dependencies/cpp_pubsub
[18.780s] -- Installing: /home/noman637/ros2-practice/ws/src/install/cpp_pubsub/share/ament_index/resource_index/parent_prefix_path/cpp_pubsub
[18.780s] -- Installing: /home/noman637/ros2-practice/ws/src/install/cpp_pubsub/share/cpp_pubsub/environment/ament_prefix_path.sh
[18.781s] -- Installing: /home/noman637/ros2-practice/ws/src/install/cpp_pubsub/share/cpp_pubsub/environment/ament_prefix_path.dsv
[18.781s] -- Installing: /home/noman637/ros2-practice/ws/src/install/cpp_pubsub/share/cpp_pubsub/environment/path.sh
[18.781s] -- Installing: /home/noman637/ros2-practice/ws/src/install/cpp_pubsub/share/cpp_pubsub/environment/path.dsv
[18.781s] -- Installing: /home/noman637/ros2-practice/ws/src/install/cpp_pubsub/share/cpp_pubsub/local_setup.bash
[18.782s] -- Installing: /home/noman637/ros2-practice/ws/src/install/cpp_pubsub/share/cpp_pubsub/local_setup.sh
[18.782s] -- Installing: /home/noman637/ros2-practice/ws/src/install/cpp_pubsub/share/cpp_pubsub/local_setup.zsh
[18.782s] -- Installing: /home/noman637/ros2-practice/ws/src/install/cpp_pubsub/share/cpp_pubsub/local_setup.dsv
[18.782s] -- Installing: /home/noman637/ros2-practice/ws/src/install/cpp_pubsub/share/cpp_pubsub/package.dsv
[18.783s] -- Installing: /home/noman637/ros2-practice/ws/src/install/cpp_pubsub/share/ament_index/resource_index/packages/cpp_pubsub
[18.783s] -- Installing: /home/noman637/ros2-practice/ws/src/install/cpp_pubsub/share/cpp_pubsub/cmake/cpp_pubsubConfig.cmake
[18.783s] -- Installing: /home/noman637/ros2-practice/ws/src/install/cpp_pubsub/share/cpp_pubsub/cmake/cpp_pubsubConfig-version.cmake
[18.784s] -- Installing: /home/noman637/ros2-practice/ws/src/install/cpp_pubsub/share/cpp_pubsub/package.xml
[18.788s] Invoked command in '/home/noman637/ros2-practice/ws/src/build/cpp_pubsub' returned '0': CMAKE_PREFIX_PATH=/opt/ros/humble /usr/bin/cmake --install /home/noman637/ros2-practice/ws/src/build/cpp_pubsub
