[4.712s] DEBUG:colcon:Command line arguments: ['/usr/bin/colcon', 'list', '-p', '--base-paths', '/home/noman637/ros2-practice/ws']
[4.712s] DEBUG:colcon:Parsed command line arguments: Namespace(log_base=None, log_level=None, verb_name='list', build_base='build', ignore_user_meta=False, metas=['./colcon.meta'], base_paths=['/home/noman637/ros2-practice/ws'], packages_ignore=None, packages_ignore_regex=None, paths=None, packages_up_to=None, packages_up_to_regex=None, packages_above=None, packages_above_and_dependencies=None, packages_above_depth=None, packages_select_by_dep=None, packages_skip_by_dep=None, packages_skip_up_to=None, packages_select_build_failed=False, packages_skip_build_finished=False, packages_select_test_failures=False, packages_skip_test_passed=False, packages_select=None, packages_skip=None, packages_select_regex=None, packages_skip_regex=None, packages_start=None, packages_end=None, allow_overriding=[], topological_order=False, names_only=False, paths_only=True, topological_graph=False, topological_graph_dot=False, topological_graph_density=False, topological_graph_legend=False, topological_graph_dot_cluster=False, topological_graph_dot_include_skipped=False, verb_parser=<colcon_defaults.argument_parser.defaults.DefaultArgumentsDecorator object at 0x7fbec6d09810>, verb_extension=<colcon_package_information.verb.list.ListVerb object at 0x7fbec6f05000>, main=<bound method ListVerb.main of <colcon_package_information.verb.list.ListVerb object at 0x7fbec6f05000>>)
[5.034s] Level 1:colcon.colcon_core.package_discovery:discover_packages(colcon_meta) check parameters
[5.035s] Level 1:colcon.colcon_core.package_discovery:discover_packages(recursive) check parameters
[5.035s] Level 1:colcon.colcon_core.package_discovery:discover_packages(ignore) check parameters
[5.035s] Level 1:colcon.colcon_core.package_discovery:discover_packages(path) check parameters
[5.035s] Level 1:colcon.colcon_core.package_discovery:discover_packages(recursive) discover
[5.035s] INFO:colcon.colcon_core.package_discovery:Crawling recursively for packages in '/home/noman637/ros2-practice/ws'
[5.035s] Level 1:colcon.colcon_core.package_identification:_identify(/home/noman637/ros2-practice/ws) by extensions ['ignore', 'ignore_ament_install']
[5.035s] Level 1:colcon.colcon_core.package_identification:_identify(/home/noman637/ros2-practice/ws) by extension 'ignore'
[5.035s] Level 1:colcon.colcon_core.package_identification:_identify(/home/noman637/ros2-practice/ws) by extension 'ignore_ament_install'
[5.035s] Level 1:colcon.colcon_core.package_identification:_identify(/home/noman637/ros2-practice/ws) by extensions ['colcon_pkg']
[5.035s] Level 1:colcon.colcon_core.package_identification:_identify(/home/noman637/ros2-practice/ws) by extension 'colcon_pkg'
[5.035s] Level 1:colcon.colcon_core.package_identification:_identify(/home/noman637/ros2-practice/ws) by extensions ['colcon_meta']
[5.035s] Level 1:colcon.colcon_core.package_identification:_identify(/home/noman637/ros2-practice/ws) by extension 'colcon_meta'
[5.035s] Level 1:colcon.colcon_core.package_identification:_identify(/home/noman637/ros2-practice/ws) by extensions ['ros']
[5.035s] Level 1:colcon.colcon_core.package_identification:_identify(/home/noman637/ros2-practice/ws) by extension 'ros'
[5.200s] Level 1:colcon.colcon_core.package_identification:_identify(/home/noman637/ros2-practice/ws) by extensions ['cmake', 'python']
[5.200s] Level 1:colcon.colcon_core.package_identification:_identify(/home/noman637/ros2-practice/ws) by extension 'cmake'
[5.200s] Level 1:colcon.colcon_core.package_identification:_identify(/home/noman637/ros2-practice/ws) by extension 'python'
[5.200s] Level 1:colcon.colcon_core.package_identification:_identify(/home/noman637/ros2-practice/ws) by extensions ['python_setup_py']
[5.200s] Level 1:colcon.colcon_core.package_identification:_identify(/home/noman637/ros2-practice/ws) by extension 'python_setup_py'
[5.200s] Level 1:colcon.colcon_core.package_identification:_identify(/home/noman637/ros2-practice/ws/log) by extensions ['ignore', 'ignore_ament_install']
[5.200s] Level 1:colcon.colcon_core.package_identification:_identify(/home/noman637/ros2-practice/ws/log) by extension 'ignore'
[5.200s] Level 1:colcon.colcon_core.package_identification:_identify(/home/noman637/ros2-practice/ws/log) ignored
[5.200s] Level 1:colcon.colcon_core.package_identification:_identify(/home/noman637/ros2-practice/ws/src) by extensions ['ignore', 'ignore_ament_install']
[5.200s] Level 1:colcon.colcon_core.package_identification:_identify(/home/noman637/ros2-practice/ws/src) by extension 'ignore'
[5.200s] Level 1:colcon.colcon_core.package_identification:_identify(/home/noman637/ros2-practice/ws/src) by extension 'ignore_ament_install'
[5.201s] Level 1:colcon.colcon_core.package_identification:_identify(/home/noman637/ros2-practice/ws/src) by extensions ['colcon_pkg']
[5.201s] Level 1:colcon.colcon_core.package_identification:_identify(/home/noman637/ros2-practice/ws/src) by extension 'colcon_pkg'
[5.201s] Level 1:colcon.colcon_core.package_identification:_identify(/home/noman637/ros2-practice/ws/src) by extensions ['colcon_meta']
[5.201s] Level 1:colcon.colcon_core.package_identification:_identify(/home/noman637/ros2-practice/ws/src) by extension 'colcon_meta'
[5.201s] Level 1:colcon.colcon_core.package_identification:_identify(/home/noman637/ros2-practice/ws/src) by extensions ['ros']
[5.201s] Level 1:colcon.colcon_core.package_identification:_identify(/home/noman637/ros2-practice/ws/src) by extension 'ros'
[5.201s] Level 1:colcon.colcon_core.package_identification:_identify(/home/noman637/ros2-practice/ws/src) by extensions ['cmake', 'python']
[5.201s] Level 1:colcon.colcon_core.package_identification:_identify(/home/noman637/ros2-practice/ws/src) by extension 'cmake'
[5.201s] Level 1:colcon.colcon_core.package_identification:_identify(/home/noman637/ros2-practice/ws/src) by extension 'python'
[5.201s] Level 1:colcon.colcon_core.package_identification:_identify(/home/noman637/ros2-practice/ws/src) by extensions ['python_setup_py']
[5.201s] Level 1:colcon.colcon_core.package_identification:_identify(/home/noman637/ros2-practice/ws/src) by extension 'python_setup_py'
[5.201s] Level 1:colcon.colcon_core.package_identification:_identify(/home/noman637/ros2-practice/ws/src/cpp_pubsub) by extensions ['ignore', 'ignore_ament_install']
[5.201s] Level 1:colcon.colcon_core.package_identification:_identify(/home/noman637/ros2-practice/ws/src/cpp_pubsub) by extension 'ignore'
[5.201s] Level 1:colcon.colcon_core.package_identification:_identify(/home/noman637/ros2-practice/ws/src/cpp_pubsub) by extension 'ignore_ament_install'
[5.201s] Level 1:colcon.colcon_core.package_identification:_identify(/home/noman637/ros2-practice/ws/src/cpp_pubsub) by extensions ['colcon_pkg']
[5.271s] Level 1:colcon.colcon_core.package_identification:_identify(/home/noman637/ros2-practice/ws/src/cpp_pubsub) by extension 'colcon_pkg'
[5.271s] Level 1:colcon.colcon_core.package_identification:_identify(/home/noman637/ros2-practice/ws/src/cpp_pubsub) by extensions ['colcon_meta']
[5.271s] Level 1:colcon.colcon_core.package_identification:_identify(/home/noman637/ros2-practice/ws/src/cpp_pubsub) by extension 'colcon_meta'
[5.271s] Level 1:colcon.colcon_core.package_identification:_identify(/home/noman637/ros2-practice/ws/src/cpp_pubsub) by extensions ['ros']
[5.271s] Level 1:colcon.colcon_core.package_identification:_identify(/home/noman637/ros2-practice/ws/src/cpp_pubsub) by extension 'ros'
[5.274s] DEBUG:colcon.colcon_core.package_identification:Package '/home/noman637/ros2-practice/ws/src/cpp_pubsub' with type 'ros.ament_cmake' and name 'cpp_pubsub'
[5.274s] Level 1:colcon.colcon_core.package_discovery:discover_packages(recursive) using defaults
